  praktyka.cpp
d:\agh\praktykitemp\praktyka2 — kopia\praktyka\praktyka\praktyka.cpp(18): warning C4305: "inicjowanie": obcięcie z "double" do "float"
d:\agh\praktykitemp\praktyka2 — kopia\praktyka\praktyka\praktyka.cpp(19): warning C4305: "inicjowanie": obcięcie z "double" do "float"
d:\agh\praktykitemp\praktyka2 — kopia\praktyka\praktyka\praktyka.cpp(22): warning C4305: "inicjowanie": obcięcie z "double" do "float"
d:\agh\praktykitemp\praktyka2 — kopia\praktyka\praktyka\praktyka.cpp(23): warning C4305: "inicjowanie": obcięcie z "double" do "float"
d:\agh\praktykitemp\praktyka2 — kopia\praktyka\praktyka\praktyka.cpp(42): warning C4018: "<": niezgodność typu ze znakiem/bez znaku
d:\agh\praktykitemp\praktyka2 — kopia\praktyka\praktyka\praktyka.cpp(164): warning C4244: "=": konwersja z "double" do "int", możliwa utrata danych
d:\agh\praktykitemp\praktyka2 — kopia\praktyka\praktyka\praktyka.cpp(198): warning C4305: "+=": obcięcie z "double" do "float"
d:\agh\praktykitemp\praktyka2 — kopia\praktyka\praktyka\praktyka.cpp(199): warning C4305: "-=": obcięcie z "double" do "float"
d:\agh\praktykitemp\praktyka2 — kopia\praktyka\praktyka\praktyka.cpp(200): warning C4305: "-=": obcięcie z "double" do "float"
d:\agh\praktykitemp\praktyka2 — kopia\praktyka\praktyka\praktyka.cpp(201): warning C4305: "+=": obcięcie z "double" do "float"
d:\agh\praktykitemp\praktyka2 — kopia\praktyka\praktyka\praktyka.cpp(203): warning C4305: "-=": obcięcie z "double" do "float"
d:\agh\praktykitemp\praktyka2 — kopia\praktyka\praktyka\praktyka.cpp(204): warning C4305: "+=": obcięcie z "double" do "float"
d:\agh\praktykitemp\praktyka2 — kopia\praktyka\praktyka\praktyka.cpp(205): warning C4305: "+=": obcięcie z "double" do "float"
d:\agh\praktykitemp\praktyka2 — kopia\praktyka\praktyka\praktyka.cpp(206): warning C4305: "-=": obcięcie z "double" do "float"
d:\agh\praktykitemp\praktyka2 — kopia\praktyka\praktyka\praktyka.cpp(251): warning C4838: konwersja z „double” do „GLfloat” wymaga konwersji zawężającej
d:\agh\praktykitemp\praktyka2 — kopia\praktyka\praktyka\praktyka.cpp(251): warning C4244: "inicjowanie": konwersja z "double" do "GLfloat", możliwa utrata danych
d:\agh\praktykitemp\praktyka2 — kopia\praktyka\praktyka\praktyka.cpp(282): warning C4305: "inicjowanie": obcięcie z "double" do "GLfloat"
d:\agh\praktykitemp\praktyka2 — kopia\praktyka\praktyka\praktyka.cpp(310): warning C4244: "argument": konwersja z "double" do "GLfloat", możliwa utrata danych
d:\agh\praktykitemp\praktyka2 — kopia\praktyka\praktyka\praktyka.cpp(322): warning C4244: "argument": konwersja z "double" do "GLfloat", możliwa utrata danych
d:\agh\praktykitemp\praktyka2 — kopia\praktyka\praktyka\praktyka.cpp(331): warning C4305: "argument": obcięcie z "double" do "GLfloat"
d:\agh\praktykitemp\praktyka2 — kopia\praktyka\praktyka\praktyka.cpp(335): warning C4244: "argument": konwersja z "double" do "GLfloat", możliwa utrata danych
d:\agh\praktykitemp\praktyka2 — kopia\praktyka\praktyka\praktyka.cpp(346): warning C4244: "argument": konwersja z "double" do "GLfloat", możliwa utrata danych
d:\agh\praktykitemp\praktyka2 — kopia\praktyka\praktyka\praktyka.cpp(347): warning C4244: "argument": konwersja z "double" do "GLfloat", możliwa utrata danych
  praktyka.vcxproj -> D:\agh\praktykiTEMP\praktyka2 — kopia\praktyka\Debug\praktyka.exe
  praktyka.vcxproj -> D:\agh\praktykiTEMP\praktyka2 — kopia\praktyka\Debug\praktyka.pdb (Partial PDB)
